{"level":"INFO","time":"2025-11-29T10:00:53.130+0700","caller":"logger/logger.go:37","msg":"main:main","msg":"Connecting to database..."}
{"level":"INFO","time":"2025-11-29T10:00:53.154+0700","caller":"logger/logger.go:37","msg":"main:main","msg":"Database connected successfully"}
{"level":"INFO","time":"2025-11-29T10:00:53.154+0700","caller":"logger/logger.go:37","msg":"config:AutoMigrate","msg":"Starting database migration..."}
{"level":"INFO","time":"2025-11-29T10:00:53.422+0700","caller":"logger/logger.go:37","msg":"config:AutoMigrate","msg":"Database migration completed: roles, users, sessions, permissions, workspaces, role_permissions, user_roles tables created/updated"}
{"level":"INFO","time":"2025-11-29T10:00:53.427+0700","caller":"logger/logger.go:37","msg":"main:main","msg":"Server đang chạy tại: http://localhost:8088"}
{"level":"WARN","time":"2025-11-29T10:08:36.347+0700","caller":"logger/logger.go:41","msg":"middleware:AuthMiddleware","msg":"Missing Authorization header"}
{"level":"INFO","time":"2025-11-29T10:08:42.689+0700","caller":"logger/logger.go:37","msg":"controller:Login","msg":"Login controller called"}
{"level":"INFO","time":"2025-11-29T10:08:42.691+0700","caller":"logger/logger.go:37","msg":"controller:Login","msg":"Request received: email=test@example.com"}
{"level":"INFO","time":"2025-11-29T10:08:42.692+0700","caller":"logger/logger.go:37","msg":"service:Login","msg":"Login attempt for email: test@example.com"}
{"level":"INFO","time":"2025-11-29T10:08:42.701+0700","caller":"logger/logger.go:37","msg":"service:Login","msg":"User found: teddy (ID: 5cb803f9-8ebb-4458-bedc-615f1548ab0e)"}
{"level":"INFO","time":"2025-11-29T10:08:42.766+0700","caller":"logger/logger.go:37","msg":"service:Login","msg":"Password verified successfully"}
{"level":"INFO","time":"2025-11-29T10:08:42.775+0700","caller":"logger/logger.go:37","msg":"repository:CreateSession","msg":"Creating session for user: 5cb803f9-8ebb-4458-bedc-615f1548ab0e"}
{"level":"INFO","time":"2025-11-29T10:08:42.784+0700","caller":"logger/logger.go:37","msg":"repository:CreateSession","msg":"Session created successfully: 6cc51652-d0a9-48ef-8e10-837efe34af77"}
{"level":"INFO","time":"2025-11-29T10:08:42.784+0700","caller":"logger/logger.go:37","msg":"service:Login","msg":"Session saved to DB successfully: 6cc51652-d0a9-48ef-8e10-837efe34af77"}
{"level":"INFO","time":"2025-11-29T10:08:42.784+0700","caller":"logger/logger.go:37","msg":"repository:SaveSession","msg":"Saving session to Redis: 6cc51652-d0a9-48ef-8e10-837efe34af77"}
{"level":"INFO","time":"2025-11-29T10:08:42.799+0700","caller":"logger/logger.go:37","msg":"repository:SaveSession","msg":"Session saved to Redis successfully: 6cc51652-d0a9-48ef-8e10-837efe34af77"}
{"level":"INFO","time":"2025-11-29T10:08:42.801+0700","caller":"logger/logger.go:37","msg":"service:Login","msg":"Session saved to Redis successfully: 6cc51652-d0a9-48ef-8e10-837efe34af77"}
{"level":"INFO","time":"2025-11-29T10:08:42.801+0700","caller":"logger/logger.go:37","msg":"service:Login","msg":"Login successful, JWT tokens generated"}
{"level":"INFO","time":"2025-11-29T10:08:42.802+0700","caller":"logger/logger.go:37","msg":"controller:Login","msg":"Service success, sending response"}
{"level":"INFO","time":"2025-11-29T10:08:58.545+0700","caller":"logger/logger.go:37","msg":"middleware:AuthMiddleware","msg":"User authenticated: test@example.com"}
{"level":"INFO","time":"2025-11-29T10:08:58.550+0700","caller":"logger/logger.go:37","msg":"controller:CreateWorkspace","msg":"CreateWorkspace controller called"}
{"level":"INFO","time":"2025-11-29T10:08:58.551+0700","caller":"logger/logger.go:37","msg":"controller:CreateWorkspace","msg":"Request received: name=My Workspace, owner_id=123e4567-e89b-12d3-a456-426614174000"}
{"level":"INFO","time":"2025-11-29T10:08:58.551+0700","caller":"logger/logger.go:37","msg":"service:CreateWorkspace","msg":"Creating new workspace: My Workspace"}
{"level":"INFO","time":"2025-11-29T10:08:58.551+0700","caller":"logger/logger.go:37","msg":"repository:CreateWorkspace","msg":"Creating workspace: My Workspace"}
{"level":"INFO","time":"2025-11-29T10:08:58.558+0700","caller":"logger/logger.go:37","msg":"repository:CreateWorkspace","msg":"Workspace created successfully: 3ae734eb-81ae-4373-922e-7d19708c7544"}
{"level":"INFO","time":"2025-11-29T10:08:58.558+0700","caller":"logger/logger.go:37","msg":"repository:GetWorkspaceByID","msg":"Getting workspace by ID: 3ae734eb-81ae-4373-922e-7d19708c7544"}
{"level":"INFO","time":"2025-11-29T10:08:58.561+0700","caller":"logger/logger.go:37","msg":"repository:GetWorkspaceByID","msg":"Workspace found: My Workspace"}
{"level":"INFO","time":"2025-11-29T10:08:58.561+0700","caller":"logger/logger.go:37","msg":"service:CreateWorkspace","msg":"Workspace created successfully: My Workspace"}
{"level":"INFO","time":"2025-11-29T10:08:58.561+0700","caller":"logger/logger.go:37","msg":"controller:CreateWorkspace","msg":"Workspace created successfully"}
